{
  "stats": {
    "suites": 1,
    "tests": 1,
    "passes": 1,
    "pending": 0,
    "failures": 0,
    "start": "2021-08-21T05:43:50.063Z",
    "end": "2021-08-21T05:43:50.658Z",
    "duration": 595,
    "testsRegistered": 1,
    "passPercent": 100,
    "pendingPercent": 0,
    "other": 0,
    "hasOther": false,
    "skipped": 0,
    "hasSkipped": false
  },
  "results": [
    {
      "uuid": "4bf014d8-97b4-40ca-a9d2-c1e5add7fbe5",
      "title": "",
      "fullFile": "cypress/integration/generateData.spec.js",
      "file": "cypress/integration/generateData.spec.js",
      "beforeHooks": [],
      "afterHooks": [],
      "tests": [],
      "suites": [
        {
          "uuid": "00a47828-0211-4829-9771-58c144ab68ba",
          "title": "Read Data Excel File",
          "fullFile": "",
          "file": "",
          "beforeHooks": [],
          "afterHooks": [],
          "tests": [
            {
              "title": "Generate Data From Excel File",
              "fullTitle": "Read Data Excel File Generate Data From Excel File",
              "timedOut": null,
              "duration": 565,
              "state": "passed",
              "speed": "slow",
              "pass": true,
              "fail": false,
              "pending": false,
              "context": null,
              "code": "cy.readXlsx(Cypress.env('fileName'), Cypress.env('sheet'), Cypress.env('pathFileJson'));",
              "err": {},
              "uuid": "72ffc099-fb3e-4589-a810-4af0c108d4d0",
              "parentUUID": "00a47828-0211-4829-9771-58c144ab68ba",
              "isHook": false,
              "skipped": false
            }
          ],
          "suites": [],
          "passes": [
            "72ffc099-fb3e-4589-a810-4af0c108d4d0"
          ],
          "failures": [],
          "pending": [],
          "skipped": [],
          "duration": 565,
          "root": false,
          "rootEmpty": false,
          "_timeout": 2000
        }
      ],
      "passes": [],
      "failures": [],
      "pending": [],
      "skipped": [],
      "duration": 0,
      "root": true,
      "rootEmpty": true,
      "_timeout": 2000
    }
  ],
  "meta": {
    "mocha": {
      "version": "7.0.1"
    },
    "mochawesome": {
      "options": {
        "quiet": false,
        "reportFilename": "run_report",
        "saveHtml": false,
        "saveJson": true,
        "consoleReporter": "spec",
        "useInlineDiffs": false,
        "code": true
      },
      "version": "6.2.2"
    },
    "marge": {
      "options": {
        "id": "default",
        "reportFilename": "run_report",
        "reportDir": "cypress/results/json",
        "overwrite": false,
        "html": false,
        "json": true
      },
      "version": "5.2.0"
    }
  }
}