{
  "stats": {
    "suites": 1,
    "tests": 1,
    "passes": 0,
    "pending": 0,
    "failures": 1,
    "start": "2021-08-21T05:32:22.046Z",
    "end": "2021-08-21T05:32:22.935Z",
    "duration": 889,
    "testsRegistered": 1,
    "passPercent": 0,
    "pendingPercent": 0,
    "other": 0,
    "hasOther": false,
    "skipped": 0,
    "hasSkipped": false
  },
  "results": [
    {
      "uuid": "e82e740d-e4b5-4202-ab93-0c22b99db6c3",
      "title": "",
      "fullFile": "cypress/integration/generateData.spec.js",
      "file": "cypress/integration/generateData.spec.js",
      "beforeHooks": [],
      "afterHooks": [],
      "tests": [],
      "suites": [
        {
          "uuid": "215f1705-a66e-4f34-9d2e-b5021c60639f",
          "title": "Read Data Excel File",
          "fullFile": "",
          "file": "",
          "beforeHooks": [],
          "afterHooks": [],
          "tests": [
            {
              "title": "Generate Data From Excel File",
              "fullTitle": "Read Data Excel File Generate Data From Excel File",
              "timedOut": null,
              "duration": 706,
              "state": "failed",
              "speed": null,
              "pass": false,
              "fail": true,
              "pending": false,
              "context": null,
              "code": "cy.readXlsx(Cypress.env('fileName'), Cypress.env('sheet'), Cypress.env('pathFileJson'));",
              "err": {
                "message": "CypressError: `cy.task('readXlsx')` failed with the following error:\n\n> ENOENT: no such file or directory, open 'cypress/fixtures/cypress/fixture/SampleData.xlsx'\n\nhttps://on.cypress.io/api/task",
                "estack": "CypressError: `cy.task('readXlsx')` failed with the following error:\n\n> ENOENT: no such file or directory, open 'cypress/fixtures/cypress/fixture/SampleData.xlsx'\n\nhttps://on.cypress.io/api/task\n    at http://localhost:65112/__cypress/runner/cypress_runner.js:146796:19\n    at tryCatcher (http://localhost:65112/__cypress/runner/cypress_runner.js:13212:23)\n    at Promise._settlePromiseFromHandler (http://localhost:65112/__cypress/runner/cypress_runner.js:11147:31)\n    at Promise._settlePromise (http://localhost:65112/__cypress/runner/cypress_runner.js:11204:18)\n    at Promise._settlePromise0 (http://localhost:65112/__cypress/runner/cypress_runner.js:11249:10)\n    at Promise._settlePromises (http://localhost:65112/__cypress/runner/cypress_runner.js:11325:18)\n    at _drainQueueStep (http://localhost:65112/__cypress/runner/cypress_runner.js:7919:12)\n    at _drainQueue (http://localhost:65112/__cypress/runner/cypress_runner.js:7912:9)\n    at Async.../../node_modules/bluebird/js/release/async.js.Async._drainQueues (http://localhost:65112/__cypress/runner/cypress_runner.js:7928:5)\n    at Async.drainQueues (http://localhost:65112/__cypress/runner/cypress_runner.js:7798:14)\nFrom Your Spec Code:\n    at Context.eval (http://localhost:65112/__cypress/tests?p=cypress/support/index.js:230:6)\n\nFrom Node.js Internals:\n  Error: ENOENT: no such file or directory, open 'cypress/fixtures/cypress/fixture/SampleData.xlsx'\n      at Object.openSync (node:fs:505:3)\n      at Object.readFileSync (node:fs:401:35)\n      at read (/Applications/FPT/Haravan/CypressGUI/cypress_haravan/cypress/plugins/read-xlsx.js:5:20)\n      at invoke (/Users/trieunguyen/Library/Caches/Cypress/8.2.0/Cypress.app/Contents/Resources/app/packages/server/lib/plugins/child/task.js:47:14)\n      at /Users/trieunguyen/Library/Caches/Cypress/8.2.0/Cypress.app/Contents/Resources/app/packages/server/lib/plugins/util.js:45:14\n      at tryCatcher (/Users/trieunguyen/Library/Caches/Cypress/8.2.0/Cypress.app/Contents/Resources/app/packages/server/node_modules/bluebird/js/release/util.js:16:23)\n      at Function.Promise.attempt.Promise.try (/Users/trieunguyen/Library/Caches/Cypress/8.2.0/Cypress.app/Contents/Resources/app/packages/server/node_modules/bluebird/js/release/method.js:39:29)\n      at Object.wrapChildPromise (/Users/trieunguyen/Library/Caches/Cypress/8.2.0/Cypress.app/Contents/Resources/app/packages/server/lib/plugins/util.js:44:23)\n      at Object.wrap (/Users/trieunguyen/Library/Caches/Cypress/8.2.0/Cypress.app/Contents/Resources/app/packages/server/lib/plugins/child/task.js:53:8)\n      at execute (/Users/trieunguyen/Library/Caches/Cypress/8.2.0/Cypress.app/Contents/Resources/app/packages/server/lib/plugins/child/run_plugins.js:127:19)\n      at EventEmitter.<anonymous> (/Users/trieunguyen/Library/Caches/Cypress/8.2.0/Cypress.app/Contents/Resources/app/packages/server/lib/plugins/child/run_plugins.js:202:5)\n      at EventEmitter.emit (node:events:369:20)\n      at process.<anonymous> (/Users/trieunguyen/Library/Caches/Cypress/8.2.0/Cypress.app/Contents/Resources/app/packages/server/lib/plugins/util.js:19:22)\n      at process.emit (node:events:369:20)\n      at emit (node:internal/child_process:920:12)\n      at processTicksAndRejections (node:internal/process/task_queues:82:21)",
                "diff": null
              },
              "uuid": "5c7c5c80-888e-4c89-b981-0147dab5ce01",
              "parentUUID": "215f1705-a66e-4f34-9d2e-b5021c60639f",
              "isHook": false,
              "skipped": false
            }
          ],
          "suites": [],
          "passes": [],
          "failures": [
            "5c7c5c80-888e-4c89-b981-0147dab5ce01"
          ],
          "pending": [],
          "skipped": [],
          "duration": 706,
          "root": false,
          "rootEmpty": false,
          "_timeout": 2000
        }
      ],
      "passes": [],
      "failures": [],
      "pending": [],
      "skipped": [],
      "duration": 0,
      "root": true,
      "rootEmpty": true,
      "_timeout": 2000
    }
  ],
  "meta": {
    "mocha": {
      "version": "7.0.1"
    },
    "mochawesome": {
      "options": {
        "quiet": false,
        "reportFilename": "run_report",
        "saveHtml": false,
        "saveJson": true,
        "consoleReporter": "spec",
        "useInlineDiffs": false,
        "code": true
      },
      "version": "6.2.2"
    },
    "marge": {
      "options": {
        "id": "default",
        "reportFilename": "run_report",
        "reportDir": "cypress/results/json",
        "overwrite": false,
        "html": false,
        "json": true
      },
      "version": "5.2.0"
    }
  }
}